\BOOKMARK [0][-]{chapter.1}{Introduction}{}% 1
\BOOKMARK [1][-]{section.1.1}{Contexte}{chapter.1}% 2
\BOOKMARK [2][-]{subsection.1.1.1}{Enonc\351 original}{section.1.1}% 3
\BOOKMARK [2][-]{subsection.1.1.2}{Nouvel \351nonc\351}{section.1.1}% 4
\BOOKMARK [1][-]{section.1.2}{Objectifs}{chapter.1}% 5
\BOOKMARK [2][-]{subsection.1.2.1}{Primaires}{section.1.2}% 6
\BOOKMARK [2][-]{subsection.1.2.2}{Secondaires}{section.1.2}% 7
\BOOKMARK [1][-]{section.1.3}{Sp\351cifications}{chapter.1}% 8
\BOOKMARK [1][-]{section.1.4}{Planification}{chapter.1}% 9
\BOOKMARK [0][-]{chapter.2}{Analyse}{}% 10
\BOOKMARK [1][-]{section.2.1}{Serveur}{chapter.2}% 11
\BOOKMARK [2][-]{subsection.2.1.1}{Communication avec la Set-Top Box}{section.2.1}% 12
\BOOKMARK [2][-]{subsection.2.1.2}{Communication avec Thom}{section.2.1}% 13
\BOOKMARK [1][-]{section.2.2}{Android}{chapter.2}% 14
\BOOKMARK [2][-]{subsection.2.2.1}{WebSockets sur Android}{section.2.2}% 15
\BOOKMARK [0][-]{chapter.3}{Environnement de d\351veloppement}{}% 16
\BOOKMARK [1][-]{section.3.1}{Github}{chapter.3}% 17
\BOOKMARK [1][-]{section.3.2}{Maven}{chapter.3}% 18
\BOOKMARK [1][-]{section.3.3}{D\351ploiement}{chapter.3}% 19
\BOOKMARK [2][-]{subsection.3.3.1}{Set-Top Box}{section.3.3}% 20
\BOOKMARK [2][-]{subsection.3.3.2}{Serveur}{section.3.3}% 21
\BOOKMARK [0][-]{chapter.4}{Phase de tests simple}{}% 22
\BOOKMARK [1][-]{section.4.1}{D\351marrage d'un service}{chapter.4}% 23
\BOOKMARK [1][-]{section.4.2}{Ping}{chapter.4}% 24
\BOOKMARK [2][-]{subsection.4.2.1}{Runtime and Process}{section.4.2}% 25
\BOOKMARK [2][-]{subsection.4.2.2}{Wifi Manager}{section.4.2}% 26
\BOOKMARK [2][-]{subsection.4.2.3}{Impl\351mentation}{section.4.2}% 27
\BOOKMARK [1][-]{section.4.3}{Iperf}{chapter.4}% 28
\BOOKMARK [2][-]{subsection.4.3.1}{Impl\351mentation}{section.4.3}% 29
\BOOKMARK [1][-]{section.4.4}{Hello World Serveur}{chapter.4}% 30
\BOOKMARK [2][-]{subsection.4.4.1}{Installation de Jetty}{section.4.4}% 31
\BOOKMARK [2][-]{subsection.4.4.2}{Impl\351mentation du serveur}{section.4.4}% 32
\BOOKMARK [2][-]{subsection.4.4.3}{R\351sultat du serveur}{section.4.4}% 33
\BOOKMARK [2][-]{subsection.4.4.4}{Impl\351mentation du client}{section.4.4}% 34
\BOOKMARK [0][-]{chapter.5}{Phase de tests avanc\351e}{}% 35
\BOOKMARK [1][-]{section.5.1}{Conception}{chapter.5}% 36
\BOOKMARK [2][-]{subsection.5.1.1}{Identification de la Set-Top Box}{section.5.1}% 37
\BOOKMARK [2][-]{subsection.5.1.2}{Centralisation des WebSockets}{section.5.1}% 38
\BOOKMARK [2][-]{subsection.5.1.3}{Envoi de commandes sur la Set-Top Box}{section.5.1}% 39
\BOOKMARK [2][-]{subsection.5.1.4}{Synchronisation des donn\351es}{section.5.1}% 40
\BOOKMARK [2][-]{subsection.5.1.5}{Gestion de la connexion}{section.5.1}% 41
\BOOKMARK [2][-]{subsection.5.1.6}{SSL}{section.5.1}% 42
\BOOKMARK [1][-]{section.5.2}{Jersey Web Services}{chapter.5}% 43
\BOOKMARK [2][-]{subsection.5.2.1}{Installation}{section.5.2}% 44
\BOOKMARK [2][-]{subsection.5.2.2}{Hello World}{section.5.2}% 45
\BOOKMARK [2][-]{subsection.5.2.3}{Impl\351mentation}{section.5.2}% 46
\BOOKMARK [1][-]{section.5.3}{WebSocketCentralisation}{chapter.5}% 47
\BOOKMARK [2][-]{subsection.5.3.1}{Impl\351mentation}{section.5.3}% 48
\BOOKMARK [1][-]{section.5.4}{RemoteSTBSocket}{chapter.5}% 49
\BOOKMARK [2][-]{subsection.5.4.1}{Traitement des requ\352tes}{section.5.4}% 50
\BOOKMARK [2][-]{subsection.5.4.2}{Gestion de la connexion}{section.5.4}% 51
\BOOKMARK [2][-]{subsection.5.4.3}{Premier message re\347u}{section.5.4}% 52
\BOOKMARK [1][-]{section.5.5}{AutoStartService sur Android}{chapter.5}% 53
\BOOKMARK [2][-]{subsection.5.5.1}{Premi\350re message}{section.5.5}% 54
\BOOKMARK [2][-]{subsection.5.5.2}{Traitement des requ\352tes}{section.5.5}% 55
\BOOKMARK [2][-]{subsection.5.5.3}{Gestion de la connexion}{section.5.5}% 56
\BOOKMARK [0][-]{chapter.6}{Phase de tests production}{}% 57
\BOOKMARK [1][-]{section.6.1}{Thom}{chapter.6}% 58
\BOOKMARK [2][-]{subsection.6.1.1}{Conception}{section.6.1}% 59
\BOOKMARK [2][-]{subsection.6.1.2}{Impl\351mentation}{section.6.1}% 60
\BOOKMARK [2][-]{subsection.6.1.3}{HTML de base}{section.6.1}% 61
\BOOKMARK [0][-]{chapter.7}{Conclusion}{}% 62
\BOOKMARK [1][-]{section.7.1}{Impressions personnelles}{chapter.7}% 63
\BOOKMARK [1][-]{section.7.2}{Probl\350mes rencontr\351s}{chapter.7}% 64
\BOOKMARK [2][-]{subsection.7.2.1}{D\351ploiement sur la Set-Top Box}{section.7.2}% 65
\BOOKMARK [2][-]{subsection.7.2.2}{Installation de Jersey sur Jetty}{section.7.2}% 66
\BOOKMARK [2][-]{subsection.7.2.3}{Mise en place de SSL}{section.7.2}% 67
\BOOKMARK [1][-]{section.7.3}{Am\351liorations}{chapter.7}% 68
\BOOKMARK [2][-]{subsection.7.3.1}{R\351cup\351rer automatiquement les qualit\351s de services}{section.7.3}% 69
\BOOKMARK [2][-]{subsection.7.3.2}{Am\351liorer l'ergonomie de l'application}{section.7.3}% 70
\BOOKMARK [2][-]{subsection.7.3.3}{Voir la reconnexion d'une STB apr\350s reboot}{section.7.3}% 71
\BOOKMARK [2][-]{subsection.7.3.4}{Ajout de commandes \340 distance}{section.7.3}% 72
\BOOKMARK [0][-]{chapter*.46}{Liste des figures}{}% 73
\BOOKMARK [0][-]{chapter*.47}{Liste des tableaux}{}% 74
\BOOKMARK [0][-]{chapter*.48}{Liste des codes}{}% 75
\BOOKMARK [0][-]{appendix.A}{Description de la structure du DVD}{}% 76
